#
# There is insufficient memory for the Java Runtime Environment to continue.
# Native memory allocation (malloc) failed to allocate 1048576 bytes for AllocateHeap
# Possible reasons:
#   The system is out of physical RAM or swap space
#   In 32 bit mode, the process size limit was hit
# Possible solutions:
#   Reduce memory load on the system
#   Increase physical memory or swap space
#   Check if swap backing store is full
#   Use 64 bit Java on a 64 bit OS
#   Decrease Java heap size (-Xmx/-Xms)
#   Decrease number of Java threads
#   Decrease Java thread stack sizes (-Xss)
#   Set larger code cache with -XX:ReservedCodeCacheSize=
# This output file may be truncated or incomplete.
#
#  Out of Memory Error (memory/allocation.inline.hpp:61), pid=10080, tid=0x0000000000002eec
#
# JRE version:  (8.0_111-b14) (build )
# Java VM: Java HotSpot(TM) 64-Bit Server VM (25.111-b14 mixed mode windows-amd64 compressed oops)
# Failed to write core dump. Minidumps are not enabled by default on client versions of Windows
#

---------------  T H R E A D  ---------------

Current thread (0x00000000029a1000):  JavaThread "Unknown thread" [_thread_in_vm, id=12012, stack(0x00000000028a0000,0x00000000029a0000)]

Stack: [0x00000000028a0000,0x00000000029a0000]
[error occurred during error reporting (printing stack bounds), id 0xc0000005]

Native frames: (J=compiled Java code, j=interpreted, Vv=VM code, C=native code)


---------------  P R O C E S S  ---------------

Java Threads: ( => current thread )

Other Threads:

=>0x00000000029a1000 (exited) JavaThread "Unknown thread" [_thread_in_vm, id=12012, stack(0x00000000028a0000,0x00000000029a0000)]

VM state:not at safepoint (normal execution)

VM Mutex/Monitor currently owned by a thread: None

Heap:
 PSYoungGen      total 38400K, used 665K [0x00000000d5f00000, 0x00000000d8980000, 0x0000000100000000)
  eden space 33280K, 2% used [0x00000000d5f00000,0x00000000d5fa6670,0x00000000d7f80000)
  from space 5120K, 0% used [0x00000000d8480000,0x00000000d8480000,0x00000000d8980000)
  to   space 5120K, 0% used [0x00000000d7f80000,0x00000000d7f80000,0x00000000d8480000)
 ParOldGen       total 87552K, used 0K [0x0000000081c00000, 0x0000000087180000, 0x00000000d5f00000)
  object space 87552K, 0% used [0x0000000081c00000,0x0000000081c00000,0x0000000087180000)
 Metaspace       used 770K, capacity 4480K, committed 4480K, reserved 1056768K
  class space    used 75K, capacity 384K, committed 384K, reserved 1048576K

Card table byte_map: [0x0000000011e60000,0x0000000012260000] byte_map_base: 0x0000000011a52000

Marking Bits: (ParMarkBitMap*) 0x000000006249a6c0
 Begin Bits: [0x0000000012d10000, 0x0000000014ca0000)
 End Bits:   [0x0000000014ca0000, 0x0000000016c30000)

Polling page: 0x00000000027f0000

CodeCache: size=245760Kb used=328Kb max_used=328Kb free=245431Kb
 bounds [0x0000000002aa0000, 0x0000000002d10000, 0x0000000011aa0000]
 total_blobs=58 nmethods=0 adapters=38
 compilation: enabled

Compilation events (0 events):
No events

GC Heap History (0 events):
No events

Deoptimization events (0 events):
No events

Internal exceptions (0 events):
No events

Events (10 events):
Event: 0.043 loading class java/lang/Short
Event: 0.043 loading class java/lang/Short done
Event: 0.043 loading class java/lang/Integer
Event: 0.044 loading class java/lang/Integer done
Event: 0.044 loading class java/lang/Long
Event: 0.044 loading class java/lang/Long done
Event: 0.045 loading class java/lang/NullPointerException
Event: 0.045 loading class java/lang/NullPointerException done
Event: 0.045 loading class java/lang/ArithmeticException
Event: 0.045 loading class java/lang/ArithmeticException done


Dynamic libraries:
0x00007ff64cb30000 - 0x00007ff64cb67000 	C:\Program Files\Java\jdk1.8.0_111\bin\java.exe
0x00007ffbc0d10000 - 0x00007ffbc0f08000 	C:\WINDOWS\SYSTEM32\ntdll.dll
0x00007ffbbf150000 - 0x00007ffbbf20d000 	C:\WINDOWS\System32\KERNEL32.DLL
0x00007ffbbe540000 - 0x00007ffbbe836000 	C:\WINDOWS\System32\KERNELBASE.dll
0x00007ffbbf780000 - 0x00007ffbbf82f000 	C:\WINDOWS\System32\ADVAPI32.dll
0x00007ffbbef00000 - 0x00007ffbbef9e000 	C:\WINDOWS\System32\msvcrt.dll
0x00007ffbbed70000 - 0x00007ffbbee0c000 	C:\WINDOWS\System32\sechost.dll
0x00007ffbbf210000 - 0x00007ffbbf336000 	C:\WINDOWS\System32\RPCRT4.dll
0x00007ffbbefb0000 - 0x00007ffbbf14e000 	C:\WINDOWS\System32\USER32.dll
0x00007ffbbeca0000 - 0x00007ffbbecc2000 	C:\WINDOWS\System32\win32u.dll
0x00007ffbc0600000 - 0x00007ffbc062c000 	C:\WINDOWS\System32\GDI32.dll
0x00007ffbbe8d0000 - 0x00007ffbbe9ea000 	C:\WINDOWS\System32\gdi32full.dll
0x00007ffbbe4a0000 - 0x00007ffbbe53d000 	C:\WINDOWS\System32\msvcp_win.dll
0x00007ffbbea40000 - 0x00007ffbbeb40000 	C:\WINDOWS\System32\ucrtbase.dll
0x00007ffbadfa0000 - 0x00007ffbae23a000 	C:\WINDOWS\WinSxS\amd64_microsoft.windows.common-controls_6595b64144ccf1df_6.0.19041.3636_none_60b6a03d71f818d5\COMCTL32.dll
0x00007ffbbf3f0000 - 0x00007ffbbf420000 	C:\WINDOWS\System32\IMM32.DLL
0x0000000061ba0000 - 0x0000000061c72000 	C:\Program Files\Java\jdk1.8.0_111\jre\bin\msvcr100.dll
0x0000000061c80000 - 0x000000006251a000 	C:\Program Files\Java\jdk1.8.0_111\jre\bin\server\jvm.dll
0x00007ffbbf830000 - 0x00007ffbbf838000 	C:\WINDOWS\System32\PSAPI.DLL
0x00007ffbaa2d0000 - 0x00007ffbaa2f7000 	C:\WINDOWS\SYSTEM32\WINMM.dll
0x00007ffba05f0000 - 0x00007ffba05f9000 	C:\WINDOWS\SYSTEM32\WSOCK32.dll
0x00007ffbc07b0000 - 0x00007ffbc081b000 	C:\WINDOWS\System32\WS2_32.dll
0x00007ffbb2cf0000 - 0x00007ffbb2cfa000 	C:\WINDOWS\SYSTEM32\VERSION.dll
0x0000000061b50000 - 0x0000000061b5f000 	C:\Program Files\Java\jdk1.8.0_111\jre\bin\verify.dll
0x0000000061b20000 - 0x0000000061b49000 	C:\Program Files\Java\jdk1.8.0_111\jre\bin\java.dll
0x0000000061b00000 - 0x0000000061b16000 	C:\Program Files\Java\jdk1.8.0_111\jre\bin\zip.dll

VM Arguments:
jvm_args: -Dfile.encoding=UTF-8 
java_command: addNewDonor
java_class_path (initial): C:\Program Files\NetBeans 8.2\java\modules\ext\AbsoluteLayout.jar;C:\Program Files\NetBeans 8.2\ide\modules\ext\mysql-connector-java-5.1.23-bin.jar;C:\Users\Zia Saab\OneDrive\Documents\NetBeansProjects\Blood Bank Management System\build\classes
Launcher Type: SUN_STANDARD

Environment Variables:
PATH=C:\ProgramData\Oracle\Java\javapath;C:\Program Files\Python312\Scripts\;C:\Program Files\Python312\;C:\Python 3.7.1\Scripts\;C:\Python 3.7.1\;C:\WINDOWS\system32;C:\WINDOWS;C:\WINDOWS\System32\Wbem;C:\WINDOWS\System32\WindowsPowerShell\v1.0\;C:\WINDOWS\System32\OpenSSH\;C:\Program Files\dotnet\;C:\Users\Zia Saab\AppData\Local\Programs\Python\Python311\Scripts\;C:\Users\Zia Saab\AppData\Local\Programs\Python\Python311\;C:\Users\Zia Saab\AppData\Local\Microsoft\WindowsApps;C:\Program Files\JetBrains\PyCharm 2022.3\bin;;C:\Users\Zia Saab\AppData\Local\Programs\Microsoft VS Code\bin
USERNAME=Zia Saab
OS=Windows_NT
PROCESSOR_IDENTIFIER=Intel64 Family 6 Model 58 Stepping 9, GenuineIntel



---------------  S Y S T E M  ---------------

OS: Windows 10.0 , 64 bit Build 19041 (10.0.19041.3636)

CPU:total 8 (4 cores per cpu, 2 threads per core) family 6 model 58 stepping 9, cmov, cx8, fxsr, mmx, sse, sse2, sse3, ssse3, sse4.1, sse4.2, popcnt, avx, aes, clmul, erms, ht, tsc, tscinvbit, tscinv

Memory: 4k page, physical 8270760k(1522068k free), swap 13404432k(1644k free)

vm_info: Java HotSpot(TM) 64-Bit Server VM (25.111-b14) for windows-amd64 JRE (1.8.0_111-b14), built on Sep 22 2016 19:24:05 by "java_re" with MS VC++ 10.0 (VS2010)

time: Mon Dec 11 02:20:17 2023
elapsed time: 0 seconds (0d 0h 0m 0s)

